{"/codebuild/output/src483251046/src/source/ui/src/App.js": {"path":"/codebuild/output/src483251046/src/source/ui/src/App.js","statementMap":{"0":{"start":{"line":23,"column":15},"end":{"line":23,"column":41}},"1":{"start":{"line":25,"column":0},"end":{"line":32,"column":2}},"2":{"start":{"line":34,"column":16},"end":{"line":36,"column":1}},"3":{"start":{"line":35,"column":2},"end":{"line":35,"column":23}},"4":{"start":{"line":39,"column":19},"end":{"line":39,"column":42}},"5":{"start":{"line":40,"column":2},"end":{"line":40,"column":48}},"6":{"start":{"line":42,"column":2},"end":{"line":46,"column":3}},"7":{"start":{"line":43,"column":4},"end":{"line":44,"column":7}},"8":{"start":{"line":45,"column":4},"end":{"line":45,"column":46}},"9":{"start":{"line":48,"column":17},"end":{"line":48,"column":85}},"10":{"start":{"line":49,"column":2},"end":{"line":49,"column":41}},"11":{"start":{"line":50,"column":2},"end":{"line":83,"column":4}}},"fnMap":{"0":{"name":"(anonymous_0)","decl":{"start":{"line":34,"column":16},"end":{"line":34,"column":17}},"loc":{"start":{"line":34,"column":28},"end":{"line":36,"column":1}},"line":34},"1":{"name":"App","decl":{"start":{"line":38,"column":9},"end":{"line":38,"column":12}},"loc":{"start":{"line":38,"column":15},"end":{"line":84,"column":1}},"line":38},"2":{"name":"(anonymous_2)","decl":{"start":{"line":43,"column":32},"end":{"line":43,"column":33}},"loc":{"start":{"line":43,"column":38},"end":{"line":44,"column":5}},"line":43}},"branchMap":{"0":{"loc":{"start":{"line":42,"column":2},"end":{"line":46,"column":3}},"type":"if","locations":[{"start":{"line":42,"column":2},"end":{"line":46,"column":3}},{"start":{},"end":{}}],"line":42},"1":{"loc":{"start":{"line":48,"column":17},"end":{"line":48,"column":85}},"type":"binary-expr","locations":[{"start":{"line":48,"column":17},"end":{"line":48,"column":73}},{"start":{"line":48,"column":77},"end":{"line":48,"column":85}}],"line":48}},"s":{"0":1,"1":1,"2":1,"3":1,"4":4,"5":3,"6":3,"7":1,"8":1,"9":2,"10":2,"11":2},"f":{"0":1,"1":4,"2":0},"b":{"0":[1,2],"1":[2,0]},"_coverageSchema":"1a1c01bbd47fc00a2c39e90264f33305004495a9","hash":"e49505f461c9336d640be3a0d361a35eb38687d5"}
,"/codebuild/output/src483251046/src/source/ui/src/index.js": {"path":"/codebuild/output/src483251046/src/source/ui/src/index.js","statementMap":{"0":{"start":{"line":12,"column":0},"end":{"line":19,"column":2}}},"fnMap":{},"branchMap":{},"s":{"0":0},"f":{},"b":{}}
,"/codebuild/output/src483251046/src/source/ui/src/Components/Action/Action.js": {"path":"/codebuild/output/src483251046/src/source/ui/src/Components/Action/Action.js","statementMap":{"0":{"start":{"line":25,"column":4},"end":{"line":25,"column":17}},"1":{"start":{"line":27,"column":25},"end":{"line":27,"column":35}},"2":{"start":{"line":29,"column":26},"end":{"line":29,"column":53}},"3":{"start":{"line":30,"column":17},"end":{"line":30,"column":61}},"4":{"start":{"line":31,"column":18},"end":{"line":31,"column":63}},"5":{"start":{"line":33,"column":4},"end":{"line":144,"column":6}},"6":{"start":{"line":93,"column":12},"end":{"line":93,"column":77}},"7":{"start":{"line":150,"column":4},"end":{"line":150,"column":32}},"8":{"start":{"line":153,"column":4},"end":{"line":153,"column":45}},"9":{"start":{"line":157,"column":19},"end":{"line":172,"column":3}},"10":{"start":{"line":158,"column":4},"end":{"line":163,"column":7}},"11":{"start":{"line":159,"column":6},"end":{"line":162,"column":8}},"12":{"start":{"line":164,"column":19},"end":{"line":166,"column":5}},"13":{"start":{"line":167,"column":4},"end":{"line":171,"column":7}},"14":{"start":{"line":175,"column":19},"end":{"line":195,"column":3}},"15":{"start":{"line":177,"column":29},"end":{"line":177,"column":39}},"16":{"start":{"line":178,"column":25},"end":{"line":178,"column":55}},"17":{"start":{"line":179,"column":4},"end":{"line":179,"column":73}},"18":{"start":{"line":181,"column":18},"end":{"line":188,"column":5}},"19":{"start":{"line":190,"column":4},"end":{"line":192,"column":6}},"20":{"start":{"line":194,"column":4},"end":{"line":194,"column":32}},"21":{"start":{"line":198,"column":23},"end":{"line":222,"column":3}},"22":{"start":{"line":199,"column":4},"end":{"line":202,"column":7}},"23":{"start":{"line":204,"column":29},"end":{"line":204,"column":60}},"24":{"start":{"line":206,"column":19},"end":{"line":209,"column":5}},"25":{"start":{"line":210,"column":19},"end":{"line":215,"column":5}},"26":{"start":{"line":216,"column":4},"end":{"line":221,"column":7}},"27":{"start":{"line":225,"column":17},"end":{"line":230,"column":3}},"28":{"start":{"line":226,"column":4},"end":{"line":228,"column":5}},"29":{"start":{"line":227,"column":6},"end":{"line":227,"column":36}},"30":{"start":{"line":229,"column":4},"end":{"line":229,"column":58}},"31":{"start":{"line":233,"column":17},"end":{"line":238,"column":3}},"32":{"start":{"line":234,"column":4},"end":{"line":236,"column":5}},"33":{"start":{"line":235,"column":6},"end":{"line":235,"column":36}},"34":{"start":{"line":237,"column":4},"end":{"line":237,"column":58}},"35":{"start":{"line":241,"column":16},"end":{"line":246,"column":3}},"36":{"start":{"line":242,"column":4},"end":{"line":242,"column":30}},"37":{"start":{"line":243,"column":4},"end":{"line":243,"column":42}},"38":{"start":{"line":244,"column":4},"end":{"line":244,"column":23}},"39":{"start":{"line":245,"column":4},"end":{"line":245,"column":35}},"40":{"start":{"line":250,"column":25},"end":{"line":250,"column":27}},"41":{"start":{"line":251,"column":4},"end":{"line":258,"column":7}},"42":{"start":{"line":252,"column":6},"end":{"line":257,"column":40}},"43":{"start":{"line":257,"column":8},"end":{"line":257,"column":40}},"44":{"start":{"line":259,"column":4},"end":{"line":259,"column":53}},"45":{"start":{"line":263,"column":18},"end":{"line":292,"column":3}},"46":{"start":{"line":264,"column":25},"end":{"line":264,"column":55}},"47":{"start":{"line":265,"column":4},"end":{"line":291,"column":5}},"48":{"start":{"line":266,"column":6},"end":{"line":270,"column":9}},"49":{"start":{"line":272,"column":6},"end":{"line":283,"column":7}},"50":{"start":{"line":276,"column":8},"end":{"line":278,"column":11}},"51":{"start":{"line":280,"column":8},"end":{"line":282,"column":11}},"52":{"start":{"line":285,"column":6},"end":{"line":290,"column":9}},"53":{"start":{"line":296,"column":28},"end":{"line":296,"column":76}},"54":{"start":{"line":296,"column":34},"end":{"line":296,"column":76}},"55":{"start":{"line":298,"column":4},"end":{"line":394,"column":6}},"56":{"start":{"line":332,"column":16},"end":{"line":332,"column":68}},"57":{"start":{"line":347,"column":16},"end":{"line":347,"column":68}},"58":{"start":{"line":361,"column":29},"end":{"line":361,"column":54}},"59":{"start":{"line":378,"column":29},"end":{"line":378,"column":50}}},"fnMap":{"0":{"name":"(anonymous_0)","decl":{"start":{"line":24,"column":2},"end":{"line":24,"column":3}},"loc":{"start":{"line":24,"column":21},"end":{"line":145,"column":3}},"line":24},"1":{"name":"(anonymous_1)","decl":{"start":{"line":92,"column":21},"end":{"line":92,"column":22}},"loc":{"start":{"line":92,"column":38},"end":{"line":94,"column":11}},"line":92},"2":{"name":"(anonymous_2)","decl":{"start":{"line":148,"column":2},"end":{"line":148,"column":3}},"loc":{"start":{"line":148,"column":28},"end":{"line":154,"column":3}},"line":148},"3":{"name":"(anonymous_3)","decl":{"start":{"line":157,"column":19},"end":{"line":157,"column":20}},"loc":{"start":{"line":157,"column":31},"end":{"line":172,"column":3}},"line":157},"4":{"name":"(anonymous_4)","decl":{"start":{"line":158,"column":18},"end":{"line":158,"column":19}},"loc":{"start":{"line":158,"column":35},"end":{"line":163,"column":5}},"line":158},"5":{"name":"(anonymous_5)","decl":{"start":{"line":175,"column":19},"end":{"line":175,"column":20}},"loc":{"start":{"line":175,"column":42},"end":{"line":195,"column":3}},"line":175},"6":{"name":"(anonymous_6)","decl":{"start":{"line":198,"column":23},"end":{"line":198,"column":24}},"loc":{"start":{"line":198,"column":35},"end":{"line":222,"column":3}},"line":198},"7":{"name":"(anonymous_7)","decl":{"start":{"line":225,"column":17},"end":{"line":225,"column":18}},"loc":{"start":{"line":225,"column":35},"end":{"line":230,"column":3}},"line":225},"8":{"name":"(anonymous_8)","decl":{"start":{"line":233,"column":17},"end":{"line":233,"column":18}},"loc":{"start":{"line":233,"column":35},"end":{"line":238,"column":3}},"line":233},"9":{"name":"(anonymous_9)","decl":{"start":{"line":241,"column":16},"end":{"line":241,"column":17}},"loc":{"start":{"line":241,"column":28},"end":{"line":246,"column":3}},"line":241},"10":{"name":"(anonymous_10)","decl":{"start":{"line":249,"column":2},"end":{"line":249,"column":3}},"loc":{"start":{"line":249,"column":16},"end":{"line":260,"column":3}},"line":249},"11":{"name":"(anonymous_11)","decl":{"start":{"line":251,"column":47},"end":{"line":251,"column":48}},"loc":{"start":{"line":251,"column":64},"end":{"line":258,"column":5}},"line":251},"12":{"name":"(anonymous_12)","decl":{"start":{"line":263,"column":18},"end":{"line":263,"column":19}},"loc":{"start":{"line":263,"column":30},"end":{"line":292,"column":3}},"line":263},"13":{"name":"(anonymous_13)","decl":{"start":{"line":295,"column":2},"end":{"line":295,"column":3}},"loc":{"start":{"line":295,"column":11},"end":{"line":395,"column":3}},"line":295},"14":{"name":"(anonymous_14)","decl":{"start":{"line":296,"column":28},"end":{"line":296,"column":29}},"loc":{"start":{"line":296,"column":34},"end":{"line":296,"column":76}},"line":296},"15":{"name":"(anonymous_15)","decl":{"start":{"line":331,"column":23},"end":{"line":331,"column":24}},"loc":{"start":{"line":332,"column":16},"end":{"line":332,"column":68}},"line":332},"16":{"name":"(anonymous_16)","decl":{"start":{"line":346,"column":23},"end":{"line":346,"column":24}},"loc":{"start":{"line":347,"column":16},"end":{"line":347,"column":68}},"line":347},"17":{"name":"(anonymous_17)","decl":{"start":{"line":361,"column":23},"end":{"line":361,"column":24}},"loc":{"start":{"line":361,"column":29},"end":{"line":361,"column":54}},"line":361},"18":{"name":"(anonymous_18)","decl":{"start":{"line":378,"column":23},"end":{"line":378,"column":24}},"loc":{"start":{"line":378,"column":29},"end":{"line":378,"column":50}},"line":378}},"branchMap":{"0":{"loc":{"start":{"line":93,"column":19},"end":{"line":93,"column":76}},"type":"cond-expr","locations":[{"start":{"line":93,"column":47},"end":{"line":93,"column":56}},{"start":{"line":93,"column":59},"end":{"line":93,"column":76}}],"line":93},"1":{"loc":{"start":{"line":226,"column":4},"end":{"line":228,"column":5}},"type":"if","locations":[{"start":{"line":226,"column":4},"end":{"line":228,"column":5}},{"start":{},"end":{}}],"line":226},"2":{"loc":{"start":{"line":234,"column":4},"end":{"line":236,"column":5}},"type":"if","locations":[{"start":{"line":234,"column":4},"end":{"line":236,"column":5}},{"start":{},"end":{}}],"line":234},"3":{"loc":{"start":{"line":252,"column":6},"end":{"line":257,"column":40}},"type":"if","locations":[{"start":{"line":252,"column":6},"end":{"line":257,"column":40}},{"start":{},"end":{}}],"line":252},"4":{"loc":{"start":{"line":253,"column":8},"end":{"line":255,"column":34}},"type":"binary-expr","locations":[{"start":{"line":253,"column":8},"end":{"line":253,"column":35}},{"start":{"line":254,"column":8},"end":{"line":254,"column":32}},{"start":{"line":255,"column":8},"end":{"line":255,"column":34}}],"line":253},"5":{"loc":{"start":{"line":265,"column":4},"end":{"line":291,"column":5}},"type":"if","locations":[{"start":{"line":265,"column":4},"end":{"line":291,"column":5}},{"start":{"line":284,"column":11},"end":{"line":291,"column":5}}],"line":265},"6":{"loc":{"start":{"line":272,"column":6},"end":{"line":283,"column":7}},"type":"if","locations":[{"start":{"line":272,"column":6},"end":{"line":283,"column":7}},{"start":{"line":279,"column":13},"end":{"line":283,"column":7}}],"line":272},"7":{"loc":{"start":{"line":273,"column":8},"end":{"line":274,"column":47}},"type":"binary-expr","locations":[{"start":{"line":273,"column":8},"end":{"line":273,"column":54}},{"start":{"line":274,"column":8},"end":{"line":274,"column":47}}],"line":273},"8":{"loc":{"start":{"line":375,"column":13},"end":{"line":382,"column":21}},"type":"binary-expr","locations":[{"start":{"line":375,"column":13},"end":{"line":375,"column":42}},{"start":{"line":375,"column":46},"end":{"line":382,"column":21}}],"line":375}},"s":{"0":8,"1":7,"2":7,"3":7,"4":7,"5":7,"6":12,"7":7,"8":7,"9":7,"10":10,"11":10,"12":10,"13":10,"14":7,"15":2,"16":2,"17":2,"18":2,"19":2,"20":2,"21":7,"22":2,"23":2,"24":2,"25":2,"26":2,"27":7,"28":2,"29":1,"30":2,"31":7,"32":2,"33":1,"34":2,"35":7,"36":6,"37":6,"38":6,"39":6,"40":6,"41":6,"42":90,"43":72,"44":6,"45":7,"46":4,"47":4,"48":4,"49":4,"50":3,"51":1,"52":0,"53":40,"54":1,"55":40,"56":2,"57":2,"58":2,"59":1},"f":{"0":8,"1":12,"2":7,"3":10,"4":10,"5":2,"6":2,"7":2,"8":2,"9":6,"10":6,"11":90,"12":4,"13":40,"14":1,"15":2,"16":2,"17":2,"18":1},"b":{"0":[6,6],"1":[1,1],"2":[1,1],"3":[72,18],"4":[90,84,78],"5":[4,0],"6":[3,1],"7":[4,3],"8":[40,32]},"_coverageSchema":"1a1c01bbd47fc00a2c39e90264f33305004495a9","hash":"b0cb855d03eedce256038a9271ef38f28e1ce3b8"}
,"/codebuild/output/src483251046/src/source/ui/src/Components/Action/ConfirmActionModal.js": {"path":"/codebuild/output/src483251046/src/source/ui/src/Components/Action/ConfirmActionModal.js","statementMap":{"0":{"start":{"line":11,"column":4},"end":{"line":11,"column":17}},"1":{"start":{"line":13,"column":4},"end":{"line":15,"column":6}},"2":{"start":{"line":19,"column":4},"end":{"line":19,"column":60}},"3":{"start":{"line":23,"column":4},"end":{"line":23,"column":32}},"4":{"start":{"line":27,"column":4},"end":{"line":27,"column":33}},"5":{"start":{"line":32,"column":4},"end":{"line":100,"column":6}}},"fnMap":{"0":{"name":"(anonymous_0)","decl":{"start":{"line":10,"column":2},"end":{"line":10,"column":3}},"loc":{"start":{"line":10,"column":21},"end":{"line":16,"column":3}},"line":10},"1":{"name":"(anonymous_1)","decl":{"start":{"line":18,"column":2},"end":{"line":18,"column":3}},"loc":{"start":{"line":18,"column":28},"end":{"line":20,"column":3}},"line":18},"2":{"name":"(anonymous_2)","decl":{"start":{"line":22,"column":2},"end":{"line":22,"column":3}},"loc":{"start":{"line":22,"column":19},"end":{"line":24,"column":3}},"line":22},"3":{"name":"(anonymous_3)","decl":{"start":{"line":26,"column":2},"end":{"line":26,"column":3}},"loc":{"start":{"line":26,"column":20},"end":{"line":28,"column":3}},"line":26},"4":{"name":"(anonymous_4)","decl":{"start":{"line":31,"column":2},"end":{"line":31,"column":3}},"loc":{"start":{"line":31,"column":11},"end":{"line":101,"column":3}},"line":31}},"branchMap":{},"s":{"0":14,"1":14,"2":14,"3":2,"4":2,"5":80},"f":{"0":14,"1":14,"2":2,"3":2,"4":80},"b":{},"_coverageSchema":"1a1c01bbd47fc00a2c39e90264f33305004495a9","hash":"9705c35bdd4efe6fad8182ea3f0867c37b539733"}
,"/codebuild/output/src483251046/src/source/ui/src/Components/Action/VersionHistoryModal.js": {"path":"/codebuild/output/src483251046/src/source/ui/src/Components/Action/VersionHistoryModal.js","statementMap":{"0":{"start":{"line":14,"column":4},"end":{"line":14,"column":17}},"1":{"start":{"line":16,"column":4},"end":{"line":114,"column":6}},"2":{"start":{"line":62,"column":14},"end":{"line":62,"column":116}},"3":{"start":{"line":118,"column":16},"end":{"line":123,"column":3}},"4":{"start":{"line":119,"column":4},"end":{"line":119,"column":30}},"5":{"start":{"line":120,"column":4},"end":{"line":120,"column":42}},"6":{"start":{"line":121,"column":4},"end":{"line":121,"column":23}},"7":{"start":{"line":122,"column":4},"end":{"line":122,"column":35}},"8":{"start":{"line":127,"column":25},"end":{"line":127,"column":27}},"9":{"start":{"line":128,"column":4},"end":{"line":135,"column":7}},"10":{"start":{"line":129,"column":6},"end":{"line":134,"column":40}},"11":{"start":{"line":134,"column":8},"end":{"line":134,"column":40}},"12":{"start":{"line":136,"column":4},"end":{"line":136,"column":53}},"13":{"start":{"line":141,"column":4},"end":{"line":177,"column":6}}},"fnMap":{"0":{"name":"(anonymous_0)","decl":{"start":{"line":13,"column":2},"end":{"line":13,"column":3}},"loc":{"start":{"line":13,"column":21},"end":{"line":115,"column":3}},"line":13},"1":{"name":"(anonymous_1)","decl":{"start":{"line":61,"column":23},"end":{"line":61,"column":24}},"loc":{"start":{"line":61,"column":40},"end":{"line":63,"column":13}},"line":61},"2":{"name":"(anonymous_2)","decl":{"start":{"line":118,"column":16},"end":{"line":118,"column":17}},"loc":{"start":{"line":118,"column":34},"end":{"line":123,"column":3}},"line":118},"3":{"name":"(anonymous_3)","decl":{"start":{"line":126,"column":2},"end":{"line":126,"column":3}},"loc":{"start":{"line":126,"column":16},"end":{"line":137,"column":3}},"line":126},"4":{"name":"(anonymous_4)","decl":{"start":{"line":128,"column":47},"end":{"line":128,"column":48}},"loc":{"start":{"line":128,"column":64},"end":{"line":135,"column":5}},"line":128},"5":{"name":"(anonymous_5)","decl":{"start":{"line":140,"column":2},"end":{"line":140,"column":3}},"loc":{"start":{"line":140,"column":11},"end":{"line":178,"column":3}},"line":140}},"branchMap":{"0":{"loc":{"start":{"line":62,"column":22},"end":{"line":62,"column":114}},"type":"binary-expr","locations":[{"start":{"line":62,"column":22},"end":{"line":62,"column":49}},{"start":{"line":62,"column":53},"end":{"line":62,"column":85}},{"start":{"line":62,"column":89},"end":{"line":62,"column":114}}],"line":62},"1":{"loc":{"start":{"line":129,"column":6},"end":{"line":134,"column":40}},"type":"if","locations":[{"start":{"line":129,"column":6},"end":{"line":134,"column":40}},{"start":{},"end":{}}],"line":129},"2":{"loc":{"start":{"line":130,"column":8},"end":{"line":132,"column":34}},"type":"binary-expr","locations":[{"start":{"line":130,"column":8},"end":{"line":130,"column":35}},{"start":{"line":131,"column":8},"end":{"line":131,"column":32}},{"start":{"line":132,"column":8},"end":{"line":132,"column":34}}],"line":130}},"s":{"0":13,"1":13,"2":0,"3":13,"4":3,"5":3,"6":3,"7":3,"8":3,"9":3,"10":45,"11":36,"12":3,"13":64},"f":{"0":13,"1":0,"2":3,"3":3,"4":45,"5":64},"b":{"0":[0,0,0],"1":[36,9],"2":[45,42,39]},"_coverageSchema":"1a1c01bbd47fc00a2c39e90264f33305004495a9","hash":"b19996107b107a579bdba76187a6367fa868e7f9"}
,"/codebuild/output/src483251046/src/source/ui/src/Components/Dashboard/Dashboard.js": {"path":"/codebuild/output/src483251046/src/source/ui/src/Components/Dashboard/Dashboard.js","statementMap":{"0":{"start":{"line":22,"column":4},"end":{"line":22,"column":17}},"1":{"start":{"line":24,"column":4},"end":{"line":131,"column":6}},"2":{"start":{"line":77,"column":14},"end":{"line":79,"column":16}},"3":{"start":{"line":136,"column":4},"end":{"line":136,"column":35}},"4":{"start":{"line":137,"column":4},"end":{"line":137,"column":48}},"5":{"start":{"line":141,"column":22},"end":{"line":155,"column":3}},"6":{"start":{"line":142,"column":4},"end":{"line":147,"column":7}},"7":{"start":{"line":143,"column":6},"end":{"line":146,"column":8}},"8":{"start":{"line":148,"column":19},"end":{"line":150,"column":5}},"9":{"start":{"line":151,"column":4},"end":{"line":154,"column":7}},"10":{"start":{"line":158,"column":23},"end":{"line":182,"column":3}},"11":{"start":{"line":159,"column":4},"end":{"line":162,"column":7}},"12":{"start":{"line":164,"column":29},"end":{"line":164,"column":60}},"13":{"start":{"line":166,"column":19},"end":{"line":169,"column":5}},"14":{"start":{"line":170,"column":19},"end":{"line":175,"column":5}},"15":{"start":{"line":176,"column":4},"end":{"line":181,"column":7}},"16":{"start":{"line":184,"column":18},"end":{"line":199,"column":3}},"17":{"start":{"line":185,"column":25},"end":{"line":185,"column":55}},"18":{"start":{"line":186,"column":4},"end":{"line":198,"column":5}},"19":{"start":{"line":187,"column":6},"end":{"line":191,"column":9}},"20":{"start":{"line":193,"column":6},"end":{"line":197,"column":9}},"21":{"start":{"line":202,"column":16},"end":{"line":207,"column":3}},"22":{"start":{"line":203,"column":4},"end":{"line":203,"column":30}},"23":{"start":{"line":204,"column":4},"end":{"line":204,"column":42}},"24":{"start":{"line":205,"column":4},"end":{"line":205,"column":23}},"25":{"start":{"line":206,"column":4},"end":{"line":206,"column":35}},"26":{"start":{"line":211,"column":25},"end":{"line":211,"column":27}},"27":{"start":{"line":212,"column":4},"end":{"line":219,"column":7}},"28":{"start":{"line":213,"column":6},"end":{"line":218,"column":40}},"29":{"start":{"line":218,"column":8},"end":{"line":218,"column":40}},"30":{"start":{"line":220,"column":4},"end":{"line":220,"column":53}},"31":{"start":{"line":224,"column":28},"end":{"line":224,"column":76}},"32":{"start":{"line":224,"column":34},"end":{"line":224,"column":76}},"33":{"start":{"line":226,"column":4},"end":{"line":276,"column":6}},"34":{"start":{"line":244,"column":27},"end":{"line":244,"column":52}},"35":{"start":{"line":260,"column":27},"end":{"line":260,"column":51}}},"fnMap":{"0":{"name":"(anonymous_0)","decl":{"start":{"line":21,"column":2},"end":{"line":21,"column":3}},"loc":{"start":{"line":21,"column":21},"end":{"line":132,"column":3}},"line":21},"1":{"name":"(anonymous_1)","decl":{"start":{"line":76,"column":23},"end":{"line":76,"column":24}},"loc":{"start":{"line":76,"column":40},"end":{"line":80,"column":13}},"line":76},"2":{"name":"(anonymous_2)","decl":{"start":{"line":135,"column":2},"end":{"line":135,"column":3}},"loc":{"start":{"line":135,"column":28},"end":{"line":138,"column":3}},"line":135},"3":{"name":"(anonymous_3)","decl":{"start":{"line":141,"column":22},"end":{"line":141,"column":23}},"loc":{"start":{"line":141,"column":34},"end":{"line":155,"column":3}},"line":141},"4":{"name":"(anonymous_4)","decl":{"start":{"line":142,"column":18},"end":{"line":142,"column":19}},"loc":{"start":{"line":142,"column":35},"end":{"line":147,"column":5}},"line":142},"5":{"name":"(anonymous_5)","decl":{"start":{"line":158,"column":23},"end":{"line":158,"column":24}},"loc":{"start":{"line":158,"column":35},"end":{"line":182,"column":3}},"line":158},"6":{"name":"(anonymous_6)","decl":{"start":{"line":184,"column":18},"end":{"line":184,"column":19}},"loc":{"start":{"line":184,"column":30},"end":{"line":199,"column":3}},"line":184},"7":{"name":"(anonymous_7)","decl":{"start":{"line":202,"column":16},"end":{"line":202,"column":17}},"loc":{"start":{"line":202,"column":28},"end":{"line":207,"column":3}},"line":202},"8":{"name":"(anonymous_8)","decl":{"start":{"line":210,"column":2},"end":{"line":210,"column":3}},"loc":{"start":{"line":210,"column":16},"end":{"line":221,"column":3}},"line":210},"9":{"name":"(anonymous_9)","decl":{"start":{"line":212,"column":47},"end":{"line":212,"column":48}},"loc":{"start":{"line":212,"column":64},"end":{"line":219,"column":5}},"line":212},"10":{"name":"(anonymous_10)","decl":{"start":{"line":223,"column":2},"end":{"line":223,"column":3}},"loc":{"start":{"line":223,"column":11},"end":{"line":277,"column":3}},"line":223},"11":{"name":"(anonymous_11)","decl":{"start":{"line":224,"column":28},"end":{"line":224,"column":29}},"loc":{"start":{"line":224,"column":34},"end":{"line":224,"column":76}},"line":224},"12":{"name":"(anonymous_12)","decl":{"start":{"line":244,"column":21},"end":{"line":244,"column":22}},"loc":{"start":{"line":244,"column":27},"end":{"line":244,"column":52}},"line":244},"13":{"name":"(anonymous_13)","decl":{"start":{"line":260,"column":21},"end":{"line":260,"column":22}},"loc":{"start":{"line":260,"column":27},"end":{"line":260,"column":51}},"line":260}},"branchMap":{"0":{"loc":{"start":{"line":78,"column":16},"end":{"line":78,"column":79}},"type":"binary-expr","locations":[{"start":{"line":78,"column":16},"end":{"line":78,"column":43}},{"start":{"line":78,"column":47},"end":{"line":78,"column":79}}],"line":78},"1":{"loc":{"start":{"line":186,"column":4},"end":{"line":198,"column":5}},"type":"if","locations":[{"start":{"line":186,"column":4},"end":{"line":198,"column":5}},{"start":{"line":192,"column":11},"end":{"line":198,"column":5}}],"line":186},"2":{"loc":{"start":{"line":213,"column":6},"end":{"line":218,"column":40}},"type":"if","locations":[{"start":{"line":213,"column":6},"end":{"line":218,"column":40}},{"start":{},"end":{}}],"line":213},"3":{"loc":{"start":{"line":214,"column":8},"end":{"line":216,"column":34}},"type":"binary-expr","locations":[{"start":{"line":214,"column":8},"end":{"line":214,"column":35}},{"start":{"line":215,"column":8},"end":{"line":215,"column":32}},{"start":{"line":216,"column":8},"end":{"line":216,"column":34}}],"line":214},"4":{"loc":{"start":{"line":256,"column":11},"end":{"line":264,"column":19}},"type":"binary-expr","locations":[{"start":{"line":256,"column":11},"end":{"line":256,"column":40}},{"start":{"line":256,"column":44},"end":{"line":264,"column":19}}],"line":256}},"s":{"0":7,"1":6,"2":6,"3":6,"4":6,"5":6,"6":7,"7":7,"8":7,"9":7,"10":6,"11":1,"12":1,"13":1,"14":1,"15":1,"16":6,"17":1,"18":1,"19":1,"20":0,"21":6,"22":5,"23":5,"24":5,"25":5,"26":5,"27":5,"28":75,"29":60,"30":5,"31":24,"32":1,"33":24,"34":1,"35":1},"f":{"0":7,"1":6,"2":6,"3":7,"4":7,"5":1,"6":1,"7":5,"8":5,"9":75,"10":24,"11":1,"12":1,"13":1},"b":{"0":[6,3],"1":[1,0],"2":[60,15],"3":[75,70,65],"4":[24,17]},"_coverageSchema":"1a1c01bbd47fc00a2c39e90264f33305004495a9","hash":"306db85fe02a920317b8ed7396114f9a12407bab"}
,"/codebuild/output/src483251046/src/source/ui/src/__tests__/TestData.js": {"path":"/codebuild/output/src483251046/src/source/ui/src/__tests__/TestData.js","statementMap":{"0":{"start":{"line":1,"column":0},"end":{"line":82,"column":2}}},"fnMap":{},"branchMap":{},"s":{"0":2},"f":{},"b":{},"_coverageSchema":"1a1c01bbd47fc00a2c39e90264f33305004495a9","hash":"9aff3d88eed44c5ba1ea9accc86242641c8be9a1"}
,"/codebuild/output/src483251046/src/source/ui/src/contexts/UserContext.js": {"path":"/codebuild/output/src483251046/src/source/ui/src/contexts/UserContext.js","statementMap":{"0":{"start":{"line":7,"column":0},"end":{"line":7,"column":38}},"1":{"start":{"line":9,"column":27},"end":{"line":9,"column":42}},"2":{"start":{"line":10,"column":35},"end":{"line":49,"column":1}},"3":{"start":{"line":11,"column":26},"end":{"line":11,"column":40}},"4":{"start":{"line":12,"column":26},"end":{"line":12,"column":40}},"5":{"start":{"line":14,"column":2},"end":{"line":18,"column":5}},"6":{"start":{"line":15,"column":4},"end":{"line":17,"column":5}},"7":{"start":{"line":16,"column":6},"end":{"line":16,"column":20}},"8":{"start":{"line":20,"column":2},"end":{"line":29,"column":9}},"9":{"start":{"line":21,"column":4},"end":{"line":27,"column":7}},"10":{"start":{"line":22,"column":6},"end":{"line":26,"column":7}},"11":{"start":{"line":23,"column":8},"end":{"line":23,"column":20}},"12":{"start":{"line":24,"column":13},"end":{"line":26,"column":7}},"13":{"start":{"line":25,"column":8},"end":{"line":25,"column":22}},"14":{"start":{"line":28,"column":4},"end":{"line":28,"column":16}},"15":{"start":{"line":31,"column":20},"end":{"line":40,"column":3}},"16":{"start":{"line":32,"column":4},"end":{"line":39,"column":5}},"17":{"start":{"line":33,"column":27},"end":{"line":33,"column":64}},"18":{"start":{"line":34,"column":6},"end":{"line":34,"column":28}},"19":{"start":{"line":35,"column":6},"end":{"line":35,"column":21}},"20":{"start":{"line":37,"column":6},"end":{"line":37,"column":20}},"21":{"start":{"line":38,"column":6},"end":{"line":38,"column":21}},"22":{"start":{"line":42,"column":2},"end":{"line":48,"column":4}},"23":{"start":{"line":43,"column":4},"end":{"line":43,"column":30}},"24":{"start":{"line":44,"column":9},"end":{"line":48,"column":4}}},"fnMap":{"0":{"name":"(anonymous_0)","decl":{"start":{"line":10,"column":35},"end":{"line":10,"column":36}},"loc":{"start":{"line":10,"column":46},"end":{"line":49,"column":1}},"line":10},"1":{"name":"(anonymous_1)","decl":{"start":{"line":14,"column":21},"end":{"line":14,"column":22}},"loc":{"start":{"line":14,"column":31},"end":{"line":18,"column":3}},"line":14},"2":{"name":"(anonymous_2)","decl":{"start":{"line":20,"column":12},"end":{"line":20,"column":13}},"loc":{"start":{"line":20,"column":18},"end":{"line":29,"column":3}},"line":20},"3":{"name":"(anonymous_3)","decl":{"start":{"line":21,"column":23},"end":{"line":21,"column":24}},"loc":{"start":{"line":21,"column":57},"end":{"line":27,"column":5}},"line":21},"4":{"name":"(anonymous_4)","decl":{"start":{"line":31,"column":20},"end":{"line":31,"column":21}},"loc":{"start":{"line":31,"column":32},"end":{"line":40,"column":3}},"line":31}},"branchMap":{"0":{"loc":{"start":{"line":15,"column":4},"end":{"line":17,"column":5}},"type":"if","locations":[{"start":{"line":15,"column":4},"end":{"line":17,"column":5}},{"start":{},"end":{}}],"line":15},"1":{"loc":{"start":{"line":22,"column":6},"end":{"line":26,"column":7}},"type":"if","locations":[{"start":{"line":22,"column":6},"end":{"line":26,"column":7}},{"start":{"line":24,"column":13},"end":{"line":26,"column":7}}],"line":22},"2":{"loc":{"start":{"line":24,"column":13},"end":{"line":26,"column":7}},"type":"if","locations":[{"start":{"line":24,"column":13},"end":{"line":26,"column":7}},{"start":{},"end":{}}],"line":24},"3":{"loc":{"start":{"line":42,"column":2},"end":{"line":48,"column":4}},"type":"if","locations":[{"start":{"line":42,"column":2},"end":{"line":48,"column":4}},{"start":{"line":44,"column":9},"end":{"line":48,"column":4}}],"line":42}},"s":{"0":1,"1":1,"2":1,"3":0,"4":0,"5":0,"6":0,"7":0,"8":0,"9":0,"10":0,"11":0,"12":0,"13":0,"14":0,"15":0,"16":0,"17":0,"18":0,"19":0,"20":0,"21":0,"22":0,"23":0,"24":0},"f":{"0":0,"1":0,"2":0,"3":0,"4":0},"b":{"0":[0,0],"1":[0,0],"2":[0,0],"3":[0,0]},"_coverageSchema":"1a1c01bbd47fc00a2c39e90264f33305004495a9","hash":"4b04f5335e86d8874086eb2cc9bf162cc884ddfe"}
,"/codebuild/output/src483251046/src/source/ui/src/graphql/mutations.js": {"path":"/codebuild/output/src483251046/src/source/ui/src/graphql/mutations.js","statementMap":{"0":{"start":{"line":4,"column":53},"end":{"line":29,"column":1}}},"fnMap":{},"branchMap":{},"s":{"0":2},"f":{},"b":{},"_coverageSchema":"1a1c01bbd47fc00a2c39e90264f33305004495a9","hash":"cc782c2ce67d020ad41b120c3e0a109a759c78b3"}
,"/codebuild/output/src483251046/src/source/ui/src/graphql/queries.js": {"path":"/codebuild/output/src483251046/src/source/ui/src/graphql/queries.js","statementMap":{"0":{"start":{"line":4,"column":66},"end":{"line":37,"column":1}},"1":{"start":{"line":38,"column":69},"end":{"line":71,"column":1}},"2":{"start":{"line":72,"column":78},"end":{"line":105,"column":1}}},"fnMap":{},"branchMap":{},"s":{"0":3,"1":3,"2":3},"f":{},"b":{},"_coverageSchema":"1a1c01bbd47fc00a2c39e90264f33305004495a9","hash":"f40981756f13d5f3c933ddd7fff1faf22d6b2cb2"}
,"/codebuild/output/src483251046/src/source/ui/src/graphql/subscriptions.js": {"path":"/codebuild/output/src483251046/src/source/ui/src/graphql/subscriptions.js","statementMap":{"0":{"start":{"line":4,"column":55},"end":{"line":33,"column":1}}},"fnMap":{},"branchMap":{},"s":{"0":0},"f":{},"b":{}}
}
