TN:
SF:src/App.js
FN:34,(anonymous_0)
FN:38,App
FN:43,(anonymous_2)
FNF:3
FNH:2
FNDA:1,(anonymous_0)
FNDA:4,App
FNDA:0,(anonymous_2)
DA:23,1
DA:25,1
DA:34,1
DA:35,1
DA:39,4
DA:40,3
DA:42,3
DA:43,1
DA:45,1
DA:48,2
DA:49,2
DA:50,2
LF:12
LH:12
BRDA:42,0,0,1
BRDA:42,0,1,2
BRDA:48,1,0,2
BRDA:48,1,1,0
BRF:4
BRH:3
end_of_record
TN:
SF:src/index.js
FNF:0
FNH:0
DA:12,0
LF:1
LH:0
BRF:0
BRH:0
end_of_record
TN:
SF:src/Components/Action/Action.js
FN:24,(anonymous_0)
FN:92,(anonymous_1)
FN:148,(anonymous_2)
FN:157,(anonymous_3)
FN:158,(anonymous_4)
FN:175,(anonymous_5)
FN:198,(anonymous_6)
FN:225,(anonymous_7)
FN:233,(anonymous_8)
FN:241,(anonymous_9)
FN:249,(anonymous_10)
FN:251,(anonymous_11)
FN:263,(anonymous_12)
FN:295,(anonymous_13)
FN:296,(anonymous_14)
FN:331,(anonymous_15)
FN:346,(anonymous_16)
FN:361,(anonymous_17)
FN:378,(anonymous_18)
FNF:19
FNH:19
FNDA:8,(anonymous_0)
FNDA:12,(anonymous_1)
FNDA:7,(anonymous_2)
FNDA:10,(anonymous_3)
FNDA:10,(anonymous_4)
FNDA:2,(anonymous_5)
FNDA:2,(anonymous_6)
FNDA:2,(anonymous_7)
FNDA:2,(anonymous_8)
FNDA:6,(anonymous_9)
FNDA:6,(anonymous_10)
FNDA:90,(anonymous_11)
FNDA:4,(anonymous_12)
FNDA:40,(anonymous_13)
FNDA:1,(anonymous_14)
FNDA:2,(anonymous_15)
FNDA:2,(anonymous_16)
FNDA:2,(anonymous_17)
FNDA:1,(anonymous_18)
DA:25,8
DA:27,7
DA:29,7
DA:30,7
DA:31,7
DA:33,7
DA:93,12
DA:150,7
DA:153,7
DA:157,7
DA:158,10
DA:159,10
DA:164,10
DA:167,10
DA:175,7
DA:177,2
DA:178,2
DA:179,2
DA:181,2
DA:190,2
DA:194,2
DA:198,7
DA:199,2
DA:204,2
DA:206,2
DA:210,2
DA:216,2
DA:225,7
DA:226,2
DA:227,1
DA:229,2
DA:233,7
DA:234,2
DA:235,1
DA:237,2
DA:241,7
DA:242,6
DA:243,6
DA:244,6
DA:245,6
DA:250,6
DA:251,6
DA:252,90
DA:257,72
DA:259,6
DA:263,7
DA:264,4
DA:265,4
DA:266,4
DA:272,4
DA:276,3
DA:280,1
DA:285,0
DA:296,40
DA:298,40
DA:332,2
DA:347,2
DA:361,2
DA:378,1
LF:59
LH:58
BRDA:93,0,0,6
BRDA:93,0,1,6
BRDA:226,1,0,1
BRDA:226,1,1,1
BRDA:234,2,0,1
BRDA:234,2,1,1
BRDA:252,3,0,72
BRDA:252,3,1,18
BRDA:253,4,0,90
BRDA:253,4,1,84
BRDA:253,4,2,78
BRDA:265,5,0,4
BRDA:265,5,1,0
BRDA:272,6,0,3
BRDA:272,6,1,1
BRDA:273,7,0,4
BRDA:273,7,1,3
BRDA:375,8,0,40
BRDA:375,8,1,32
BRF:19
BRH:18
end_of_record
TN:
SF:src/Components/Action/ConfirmActionModal.js
FN:10,(anonymous_0)
FN:18,(anonymous_1)
FN:22,(anonymous_2)
FN:26,(anonymous_3)
FN:31,(anonymous_4)
FNF:5
FNH:5
FNDA:14,(anonymous_0)
FNDA:14,(anonymous_1)
FNDA:2,(anonymous_2)
FNDA:2,(anonymous_3)
FNDA:80,(anonymous_4)
DA:11,14
DA:13,14
DA:19,14
DA:23,2
DA:27,2
DA:32,80
LF:6
LH:6
BRF:0
BRH:0
end_of_record
TN:
SF:src/Components/Action/VersionHistoryModal.js
FN:13,(anonymous_0)
FN:61,(anonymous_1)
FN:118,(anonymous_2)
FN:126,(anonymous_3)
FN:128,(anonymous_4)
FN:140,(anonymous_5)
FNF:6
FNH:5
FNDA:13,(anonymous_0)
FNDA:0,(anonymous_1)
FNDA:3,(anonymous_2)
FNDA:3,(anonymous_3)
FNDA:45,(anonymous_4)
FNDA:64,(anonymous_5)
DA:14,13
DA:16,13
DA:62,0
DA:118,13
DA:119,3
DA:120,3
DA:121,3
DA:122,3
DA:127,3
DA:128,3
DA:129,45
DA:134,36
DA:136,3
DA:141,64
LF:14
LH:13
BRDA:62,0,0,0
BRDA:62,0,1,0
BRDA:62,0,2,0
BRDA:129,1,0,36
BRDA:129,1,1,9
BRDA:130,2,0,45
BRDA:130,2,1,42
BRDA:130,2,2,39
BRF:8
BRH:5
end_of_record
TN:
SF:src/Components/Dashboard/Dashboard.js
FN:21,(anonymous_0)
FN:76,(anonymous_1)
FN:135,(anonymous_2)
FN:141,(anonymous_3)
FN:142,(anonymous_4)
FN:158,(anonymous_5)
FN:184,(anonymous_6)
FN:202,(anonymous_7)
FN:210,(anonymous_8)
FN:212,(anonymous_9)
FN:223,(anonymous_10)
FN:224,(anonymous_11)
FN:244,(anonymous_12)
FN:260,(anonymous_13)
FNF:14
FNH:14
FNDA:7,(anonymous_0)
FNDA:6,(anonymous_1)
FNDA:6,(anonymous_2)
FNDA:7,(anonymous_3)
FNDA:7,(anonymous_4)
FNDA:1,(anonymous_5)
FNDA:1,(anonymous_6)
FNDA:5,(anonymous_7)
FNDA:5,(anonymous_8)
FNDA:75,(anonymous_9)
FNDA:24,(anonymous_10)
FNDA:1,(anonymous_11)
FNDA:1,(anonymous_12)
FNDA:1,(anonymous_13)
DA:22,7
DA:24,6
DA:77,6
DA:136,6
DA:137,6
DA:141,6
DA:142,7
DA:143,7
DA:148,7
DA:151,7
DA:158,6
DA:159,1
DA:164,1
DA:166,1
DA:170,1
DA:176,1
DA:184,6
DA:185,1
DA:186,1
DA:187,1
DA:193,0
DA:202,6
DA:203,5
DA:204,5
DA:205,5
DA:206,5
DA:211,5
DA:212,5
DA:213,75
DA:218,60
DA:220,5
DA:224,24
DA:226,24
DA:244,1
DA:260,1
LF:35
LH:34
BRDA:78,0,0,6
BRDA:78,0,1,3
BRDA:186,1,0,1
BRDA:186,1,1,0
BRDA:213,2,0,60
BRDA:213,2,1,15
BRDA:214,3,0,75
BRDA:214,3,1,70
BRDA:214,3,2,65
BRDA:256,4,0,24
BRDA:256,4,1,17
BRF:11
BRH:10
end_of_record
TN:
SF:src/__tests__/TestData.js
FNF:0
FNH:0
DA:1,2
LF:1
LH:1
BRF:0
BRH:0
end_of_record
TN:
SF:src/contexts/UserContext.js
FN:10,(anonymous_0)
FN:14,(anonymous_1)
FN:20,(anonymous_2)
FN:21,(anonymous_3)
FN:31,(anonymous_4)
FNF:5
FNH:0
FNDA:0,(anonymous_0)
FNDA:0,(anonymous_1)
FNDA:0,(anonymous_2)
FNDA:0,(anonymous_3)
FNDA:0,(anonymous_4)
DA:7,1
DA:9,1
DA:10,1
DA:11,0
DA:12,0
DA:14,0
DA:15,0
DA:16,0
DA:20,0
DA:21,0
DA:22,0
DA:23,0
DA:24,0
DA:25,0
DA:28,0
DA:31,0
DA:32,0
DA:33,0
DA:34,0
DA:35,0
DA:37,0
DA:38,0
DA:42,0
DA:43,0
DA:44,0
LF:25
LH:3
BRDA:15,0,0,0
BRDA:15,0,1,0
BRDA:22,1,0,0
BRDA:22,1,1,0
BRDA:24,2,0,0
BRDA:24,2,1,0
BRDA:42,3,0,0
BRDA:42,3,1,0
BRF:8
BRH:0
end_of_record
TN:
SF:src/graphql/mutations.js
FNF:0
FNH:0
DA:4,2
LF:1
LH:1
BRF:0
BRH:0
end_of_record
TN:
SF:src/graphql/queries.js
FNF:0
FNH:0
DA:4,3
DA:38,3
DA:72,3
LF:3
LH:3
BRF:0
BRH:0
end_of_record
TN:
SF:src/graphql/subscriptions.js
FNF:0
FNH:0
DA:4,0
LF:1
LH:0
BRF:0
BRH:0
end_of_record
