TN:
SF:src/App.tsx
FN:13,App
FN:17,(anonymous_1)
FNF:2
FNH:1
FNDA:7,App
FNDA:0,(anonymous_1)
DA:11,1
DA:14,7
DA:16,6
DA:17,1
DA:18,0
DA:23,6
DA:24,1
DA:30,5
LF:8
LH:7
BRDA:16,0,0,1
BRDA:16,0,1,5
BRDA:23,1,0,1
BRDA:23,1,1,5
BRF:4
BRH:4
end_of_record
TN:
SF:src/index.tsx
FNF:0
FNH:0
DA:10,0
LF:1
LH:0
BRF:0
BRH:0
end_of_record
TN:
SF:src/__test__/TestData.ts
FNF:0
FNH:0
DA:4,3
LF:1
LH:1
BRF:0
BRH:0
end_of_record
TN:
SF:src/components/context/index.tsx
FN:23,(anonymous_0)
FN:23,(anonymous_1)
FN:28,(anonymous_2)
FN:34,(anonymous_3)
FN:40,(anonymous_4)
FN:41,(anonymous_5)
FN:51,(anonymous_6)
FNF:7
FNH:4
FNDA:0,(anonymous_0)
FNDA:4,(anonymous_1)
FNDA:1,(anonymous_2)
FNDA:0,(anonymous_3)
FNDA:1,(anonymous_4)
FNDA:0,(anonymous_5)
FNDA:1,(anonymous_6)
DA:12,4
DA:23,4
DA:28,4
DA:29,1
DA:30,1
DA:31,1
DA:34,1
DA:35,0
DA:36,0
DA:40,1
DA:41,1
DA:42,0
DA:43,0
DA:44,0
DA:45,0
DA:48,1
DA:51,1
DA:52,1
DA:53,1
DA:54,1
DA:55,1
DA:57,0
DA:58,0
DA:62,1
DA:63,1
DA:65,0
LF:26
LH:17
BRDA:35,0,0,0
BRDA:35,0,1,0
BRDA:42,1,0,0
BRDA:42,1,1,0
BRDA:44,2,0,0
BRDA:44,2,1,0
BRDA:62,3,0,1
BRDA:62,3,1,0
BRF:8
BRH:1
end_of_record
TN:
SF:src/components/layout/index.tsx
FN:15,(anonymous_0)
FNF:1
FNH:1
FNDA:6,(anonymous_0)
DA:15,1
DA:16,6
DA:18,5
LF:3
LH:3
BRF:0
BRH:0
end_of_record
TN:
SF:src/components/navigation/header.tsx
FN:14,(anonymous_0)
FN:18,(anonymous_1)
FN:22,(anonymous_2)
FNF:3
FNH:2
FNDA:6,(anonymous_0)
FNDA:1,(anonymous_1)
FNDA:0,(anonymous_2)
DA:10,1
DA:14,1
DA:16,6
DA:18,5
DA:19,1
DA:21,1
DA:22,1
DA:23,0
DA:28,5
LF:9
LH:8
BRDA:21,0,0,1
BRDA:21,0,1,0
BRDA:40,1,0,5
BRDA:40,1,1,0
BRF:4
BRH:2
end_of_record
TN:
SF:src/components/navigation/side-navigation.tsx
FN:17,(anonymous_0)
FN:24,(anonymous_1)
FNF:2
FNH:2
FNDA:7,(anonymous_0)
FNDA:2,(anonymous_1)
DA:9,1
DA:17,1
DA:19,7
DA:20,7
DA:22,7
DA:25,2
DA:26,2
DA:27,2
DA:28,2
LF:9
LH:9
BRDA:25,0,0,2
BRDA:25,0,1,0
BRF:2
BRH:1
end_of_record
TN:
SF:src/components/router/index.tsx
FNF:0
FNH:0
DA:14,1
LF:1
LH:1
BRF:0
BRH:0
end_of_record
TN:
SF:src/components/table/ApplicationResultTable.tsx
FN:37,(anonymous_0)
FN:46,(anonymous_1)
FN:50,(anonymous_2)
FN:56,(anonymous_3)
FN:62,(anonymous_4)
FN:91,AttachmentsResultTable
FN:144,(anonymous_6)
FN:160,(anonymous_7)
FN:165,(anonymous_8)
FN:192,DashboardResultTable
FN:225,ActionItemResultTable
FN:259,VersionHistoryResultTable
FNF:12
FNH:6
FNDA:42,(anonymous_0)
FNDA:42,(anonymous_1)
FNDA:0,(anonymous_2)
FNDA:0,(anonymous_3)
FNDA:0,(anonymous_4)
FNDA:42,AttachmentsResultTable
FNDA:0,(anonymous_6)
FNDA:0,(anonymous_7)
FNDA:0,(anonymous_8)
FNDA:24,DashboardResultTable
FNDA:15,ActionItemResultTable
FNDA:3,VersionHistoryResultTable
DA:19,4
DA:37,4
DA:42,42
DA:46,42
DA:51,0
DA:57,0
DA:63,0
DA:102,42
DA:104,42
DA:114,42
DA:136,42
DA:138,42
DA:145,0
DA:154,42
DA:161,0
DA:162,0
DA:166,0
DA:167,0
DA:203,24
DA:204,24
DA:205,24
DA:211,24
DA:235,15
DA:236,15
DA:237,15
DA:243,15
DA:268,3
DA:269,3
DA:270,3
DA:276,3
LF:30
LH:22
BRDA:147,0,0,0
BRDA:147,0,1,0
BRDA:161,1,0,0
BRDA:161,1,1,0
BRDA:166,2,0,0
BRDA:166,2,1,0
BRDA:170,3,0,15
BRDA:170,3,1,27
BRDA:172,4,0,42
BRDA:172,4,1,18
BRDA:174,5,0,15
BRDA:174,5,1,27
BRDA:206,6,0,24
BRDA:206,6,1,24
BRDA:271,7,0,3
BRDA:271,7,1,3
BRF:16
BRH:10
end_of_record
TN:
SF:src/components/table/ColumnDefinitions.ts
FN:7,(anonymous_0)
FN:13,(anonymous_1)
FN:19,(anonymous_2)
FN:25,(anonymous_3)
FN:31,(anonymous_4)
FN:37,(anonymous_5)
FN:43,(anonymous_6)
FN:49,(anonymous_7)
FN:55,(anonymous_8)
FN:61,(anonymous_9)
FN:67,(anonymous_10)
FN:73,(anonymous_11)
FN:79,(anonymous_12)
FNF:13
FNH:13
FNDA:10,(anonymous_0)
FNDA:10,(anonymous_1)
FNDA:10,(anonymous_2)
FNDA:10,(anonymous_3)
FNDA:10,(anonymous_4)
FNDA:10,(anonymous_5)
FNDA:10,(anonymous_6)
FNDA:10,(anonymous_7)
FNDA:10,(anonymous_8)
FNDA:10,(anonymous_9)
FNDA:10,(anonymous_10)
FNDA:10,(anonymous_11)
FNDA:10,(anonymous_12)
DA:4,4
DA:7,10
DA:13,10
DA:19,10
DA:25,10
DA:31,10
DA:37,10
DA:43,10
DA:49,10
DA:55,10
DA:61,10
DA:67,10
DA:73,10
DA:79,10
LF:14
LH:14
BRF:0
BRH:0
end_of_record
TN:
SF:src/graphql/mutation.ts
FNF:0
FNH:0
DA:3,2
LF:1
LH:1
BRF:0
BRH:0
end_of_record
TN:
SF:src/graphql/queries.ts
FNF:0
FNH:0
DA:4,4
DA:38,4
DA:72,4
LF:3
LH:3
BRF:0
BRH:0
end_of_record
TN:
SF:src/pages/action-items/index.tsx
FN:15,(anonymous_0)
FN:23,(anonymous_1)
FN:36,(anonymous_2)
FN:37,(anonymous_3)
FN:41,(anonymous_4)
FN:59,(anonymous_5)
FN:64,(anonymous_6)
FN:66,(anonymous_7)
FN:79,(anonymous_8)
FN:81,(anonymous_9)
FN:86,(anonymous_10)
FN:98,(anonymous_11)
FNF:12
FNH:4
FNDA:17,(anonymous_0)
FNDA:7,(anonymous_1)
FNDA:0,(anonymous_2)
FNDA:0,(anonymous_3)
FNDA:0,(anonymous_4)
FNDA:0,(anonymous_5)
FNDA:6,(anonymous_6)
FNDA:0,(anonymous_7)
FNDA:0,(anonymous_8)
FNDA:0,(anonymous_9)
FNDA:0,(anonymous_10)
FNDA:1,(anonymous_11)
DA:15,2
DA:16,17
DA:17,17
DA:18,16
DA:19,16
DA:20,16
DA:22,16
DA:23,16
DA:24,7
DA:25,7
DA:31,6
DA:33,6
DA:36,16
DA:37,0
DA:38,0
DA:41,16
DA:42,0
DA:43,0
DA:45,0
DA:55,0
DA:59,0
DA:60,0
DA:64,16
DA:65,6
DA:66,6
DA:67,0
DA:71,16
DA:80,0
DA:81,0
DA:85,0
DA:86,0
DA:98,1
LF:32
LH:19
BRDA:22,0,0,16
BRDA:22,0,1,2
BRDA:37,1,0,0
BRDA:37,1,1,0
BRDA:77,2,0,16
BRDA:77,2,1,0
BRDA:77,2,2,0
BRDA:80,3,0,0
BRDA:80,3,1,0
BRDA:85,4,0,0
BRDA:85,4,1,0
BRF:11
BRH:3
end_of_record
TN:
SF:src/pages/dashboard/index.tsx
FN:14,(anonymous_0)
FN:21,(anonymous_1)
FN:34,(anonymous_2)
FN:36,(anonymous_3)
FN:41,(anonymous_4)
FN:58,(anonymous_5)
FNF:6
FNH:3
FNDA:25,(anonymous_0)
FNDA:9,(anonymous_1)
FNDA:8,(anonymous_2)
FNDA:0,(anonymous_3)
FNDA:0,(anonymous_4)
FNDA:0,(anonymous_5)
DA:14,2
DA:16,25
DA:17,24
DA:18,24
DA:20,24
DA:21,24
DA:22,9
DA:23,9
DA:24,9
DA:29,8
DA:30,8
DA:34,24
DA:35,8
DA:36,8
DA:37,0
DA:41,24
DA:43,0
DA:47,24
DA:59,0
DA:60,0
LF:20
LH:16
BRF:0
BRH:0
end_of_record
TN:
SF:src/pages/version-history/index.tsx
FN:15,(anonymous_0)
FN:22,(anonymous_1)
FN:42,(anonymous_2)
FN:44,(anonymous_3)
FNF:4
FNH:3
FNDA:3,(anonymous_0)
FNDA:1,(anonymous_1)
FNDA:1,(anonymous_2)
FNDA:0,(anonymous_3)
DA:15,2
DA:17,3
DA:18,3
DA:19,3
DA:20,3
DA:22,3
DA:23,1
DA:24,1
DA:31,1
DA:32,1
DA:36,3
DA:42,3
DA:43,1
DA:44,1
DA:48,3
LF:15
LH:15
BRDA:38,0,0,3
BRDA:38,0,1,0
BRF:2
BRH:1
end_of_record
TN:
SF:src/types/CommonItem.ts
FNF:0
FNH:0
LF:0
LH:0
BRF:0
BRH:0
end_of_record
