TN:
SF:cognito-trigger/index.ts
FN:24,isExternalUserLoggingInForTheFirstTime
FN:32,addUserToReadOnlyUserGroup
FN:45,handler
FNF:3
FNH:3
FNDA:2,isExternalUserLoggingInForTheFirstTime
FNDA:1,addUserToReadOnlyUserGroup
FNDA:2,handler
DA:4,1
DA:5,1
DA:25,2
DA:30,1
DA:33,1
DA:34,1
DA:35,1
DA:36,1
DA:37,1
DA:42,1
DA:45,1
DA:46,2
DA:49,2
DA:52,1
LF:14
LH:14
BRDA:25,0,0,2
BRDA:25,0,1,1
BRDA:34,1,0,1
BRDA:34,1,1,0
BRDA:34,2,0,1
BRDA:34,2,1,0
BRDA:49,3,0,1
BRF:7
BRH:5
end_of_record
TN:
SF:cognito-trigger/lib/logger.ts
FN:32,(anonymous_0)
FNF:1
FNH:1
FNDA:3,(anonymous_0)
DA:25,1
DA:27,1
DA:32,1
DA:33,3
DA:34,3
DA:35,3
DA:38,1
LF:7
LH:7
BRDA:34,0,0,0
BRDA:34,0,1,3
BRF:2
BRH:1
end_of_record
